{"contracts/ButterswapRouter.sol":{"l":{"41":1,"42":1,"46":9,"52":1,"53":1,"54":0,"56":1,"59":1,"60":1,"61":1,"62":1,"64":0,"73":1,"74":1,"75":1,"76":1,"77":1,"79":1,"80":0,"81":0,"83":1,"84":1,"85":1,"92":0,"93":0,"94":0,"96":0,"97":0,"98":0,"105":1,"106":1,"107":1,"109":1,"115":0,"116":0,"117":0,"123":1,"124":1,"125":1},"path":"/Users/wangjiawei/Desktop/test/Butter-contracts/contracts/ButterswapRouter.sol","s":{"1":1,"2":1,"3":1,"4":0,"5":1,"6":1,"7":1,"8":1,"9":1,"10":0,"11":1,"12":1,"13":0,"14":0,"15":1,"16":1,"17":1,"18":0,"19":0,"20":0,"21":0,"22":0,"23":0,"24":1,"25":1,"26":1,"27":0,"28":0,"29":1,"30":1},"b":{"1":[1,0],"2":[0,1],"3":[0,0],"4":[1,0],"5":[0,1],"6":[0,0],"7":[0,0],"8":[0,0],"9":[1,0],"10":[1,0]},"f":{"1":1,"2":9,"3":1,"4":1,"5":0,"6":1,"7":0,"8":1},"fnMap":{"1":{"name":"onlyOwner","line":40,"loc":{"start":{"line":40,"column":4},"end":{"line":43,"column":4}}},"2":{"name":"constructor","line":45,"loc":{"start":{"line":45,"column":4},"end":{"line":47,"column":4}}},"3":{"name":"multiSwap","line":51,"loc":{"start":{"line":51,"column":4},"end":{"line":67,"column":12}}},"4":{"name":"crvSwap","line":71,"loc":{"start":{"line":71,"column":4},"end":{"line":87,"column":4}}},"5":{"name":"ammSeriSwap","line":91,"loc":{"start":{"line":91,"column":4},"end":{"line":100,"column":4}}},"6":{"name":"getAmountInAll","line":104,"loc":{"start":{"line":104,"column":4},"end":{"line":110,"column":4}}},"7":{"name":"setFeeToSetter","line":114,"loc":{"start":{"line":114,"column":4},"end":{"line":118,"column":4}}},"8":{"name":"setRouterAddreAll","line":122,"loc":{"start":{"line":122,"column":4},"end":{"line":126,"column":4}}}},"statementMap":{"1":{"start":{"line":41,"column":8},"end":{"line":41,"column":70}},"2":{"start":{"line":52,"column":12},"end":{"line":52,"column":69}},"3":{"start":{"line":53,"column":12},"end":{"line":53,"column":1297}},"4":{"start":{"line":54,"column":16},"end":{"line":54,"column":66}},"5":{"start":{"line":56,"column":16},"end":{"line":56,"column":111}},"6":{"start":{"line":59,"column":12},"end":{"line":59,"column":1588}},"7":{"start":{"line":60,"column":16},"end":{"line":60,"column":70}},"8":{"start":{"line":61,"column":16},"end":{"line":61,"column":1733}},"9":{"start":{"line":62,"column":20},"end":{"line":62,"column":152}},"10":{"start":{"line":64,"column":20},"end":{"line":64,"column":182}},"11":{"start":{"line":73,"column":8},"end":{"line":73,"column":31}},"12":{"start":{"line":79,"column":8},"end":{"line":79,"column":2590}},"13":{"start":{"line":80,"column":13},"end":{"line":80,"column":59}},"14":{"start":{"line":81,"column":13},"end":{"line":81,"column":101}},"15":{"start":{"line":83,"column":13},"end":{"line":83,"column":67}},"16":{"start":{"line":84,"column":12},"end":{"line":84,"column":67}},"17":{"start":{"line":85,"column":12},"end":{"line":85,"column":100}},"18":{"start":{"line":92,"column":12},"end":{"line":92,"column":3288}},"19":{"start":{"line":93,"column":20},"end":{"line":93,"column":66}},"20":{"start":{"line":94,"column":20},"end":{"line":94,"column":115}},"21":{"start":{"line":96,"column":20},"end":{"line":96,"column":74}},"22":{"start":{"line":97,"column":20},"end":{"line":97,"column":75}},"23":{"start":{"line":98,"column":20},"end":{"line":98,"column":115}},"24":{"start":{"line":105,"column":8},"end":{"line":105,"column":28}},"25":{"start":{"line":106,"column":8},"end":{"line":106,"column":3983}},"26":{"start":{"line":109,"column":8},"end":{"line":109,"column":27}},"27":{"start":{"line":115,"column":9},"end":{"line":115,"column":67}},"28":{"start":{"line":117,"column":8},"end":{"line":117,"column":19}},"29":{"start":{"line":123,"column":8},"end":{"line":123,"column":66}},"30":{"start":{"line":125,"column":8},"end":{"line":125,"column":19}}},"branchMap":{"1":{"line":41,"type":"if","locations":[{"start":{"line":41,"column":8},"end":{"line":41,"column":8}},{"start":{"line":41,"column":8},"end":{"line":41,"column":8}}]},"2":{"line":53,"type":"if","locations":[{"start":{"line":53,"column":12},"end":{"line":53,"column":12}},{"start":{"line":53,"column":12},"end":{"line":53,"column":12}}]},"3":{"line":54,"type":"if","locations":[{"start":{"line":54,"column":16},"end":{"line":54,"column":16}},{"start":{"line":54,"column":16},"end":{"line":54,"column":16}}]},"4":{"line":61,"type":"if","locations":[{"start":{"line":61,"column":16},"end":{"line":61,"column":16}},{"start":{"line":61,"column":16},"end":{"line":61,"column":16}}]},"5":{"line":79,"type":"if","locations":[{"start":{"line":79,"column":8},"end":{"line":79,"column":8}},{"start":{"line":79,"column":8},"end":{"line":79,"column":8}}]},"6":{"line":92,"type":"if","locations":[{"start":{"line":92,"column":12},"end":{"line":92,"column":12}},{"start":{"line":92,"column":12},"end":{"line":92,"column":12}}]},"7":{"line":114,"type":"if","locations":[{"start":{"line":114,"column":56},"end":{"line":114,"column":56}},{"start":{"line":114,"column":56},"end":{"line":114,"column":56}}]},"8":{"line":115,"type":"if","locations":[{"start":{"line":115,"column":9},"end":{"line":115,"column":9}},{"start":{"line":115,"column":9},"end":{"line":115,"column":9}}]},"9":{"line":122,"type":"if","locations":[{"start":{"line":122,"column":75},"end":{"line":122,"column":75}},{"start":{"line":122,"column":75},"end":{"line":122,"column":75}}]},"10":{"line":123,"type":"if","locations":[{"start":{"line":123,"column":8},"end":{"line":123,"column":8}},{"start":{"line":123,"column":8},"end":{"line":123,"column":8}}]}}},"contracts/EthToWeth.sol":{"l":{"14":1,"15":1,"16":1},"path":"/Users/wangjiawei/Desktop/test/Butter-contracts/contracts/EthToWeth.sol","s":{"1":1,"2":1,"3":1},"b":{"1":[1,0]},"f":{"1":1},"fnMap":{"1":{"name":"ethToWeth","line":13,"loc":{"start":{"line":13,"column":4},"end":{"line":17,"column":4}}}},"statementMap":{"1":{"start":{"line":14,"column":9},"end":{"line":14,"column":55}},"2":{"start":{"line":15,"column":12},"end":{"line":15,"column":50}},"3":{"start":{"line":16,"column":12},"end":{"line":16,"column":58}}},"branchMap":{"1":{"line":14,"type":"if","locations":[{"start":{"line":14,"column":9},"end":{"line":14,"column":9}},{"start":{"line":14,"column":9},"end":{"line":14,"column":9}}]}}},"contracts/interface/IButterswapV2Router01.sol":{"l":{},"path":"/Users/wangjiawei/Desktop/test/Butter-contracts/contracts/interface/IButterswapV2Router01.sol","s":{},"b":{},"f":{},"fnMap":{},"statementMap":{},"branchMap":{}},"contracts/interface/ICurveRouter.sol":{"l":{},"path":"/Users/wangjiawei/Desktop/test/Butter-contracts/contracts/interface/ICurveRouter.sol","s":{},"b":{},"f":{},"fnMap":{},"statementMap":{},"branchMap":{}},"contracts/interface/IERC20.sol":{"l":{},"path":"/Users/wangjiawei/Desktop/test/Butter-contracts/contracts/interface/IERC20.sol","s":{},"b":{},"f":{},"fnMap":{},"statementMap":{},"branchMap":{}},"contracts/interface/ISwap.sol":{"l":{},"path":"/Users/wangjiawei/Desktop/test/Butter-contracts/contracts/interface/ISwap.sol","s":{},"b":{},"f":{},"fnMap":{},"statementMap":{},"branchMap":{}},"contracts/interface/IUniswapV3SwapCallback.sol":{"l":{},"path":"/Users/wangjiawei/Desktop/test/Butter-contracts/contracts/interface/IUniswapV3SwapCallback.sol","s":{},"b":{},"f":{},"fnMap":{},"statementMap":{},"branchMap":{}},"contracts/interface/IV3SwapRouter.sol":{"l":{},"path":"/Users/wangjiawei/Desktop/test/Butter-contracts/contracts/interface/IV3SwapRouter.sol","s":{},"b":{},"f":{},"fnMap":{},"statementMap":{},"branchMap":{}},"contracts/interface/IWETH9.sol":{"l":{},"path":"/Users/wangjiawei/Desktop/test/Butter-contracts/contracts/interface/IWETH9.sol","s":{},"b":{},"f":{},"fnMap":{},"statementMap":{},"branchMap":{}},"contracts/KernelCurve.sol":{"l":{"20":1,"25":1,"26":1,"27":1,"28":0},"path":"/Users/wangjiawei/Desktop/test/Butter-contracts/contracts/KernelCurve.sol","s":{"1":1,"2":1,"3":1,"4":0},"b":{},"f":{"1":1,"2":1},"fnMap":{"1":{"name":"filterCurve","line":19,"loc":{"start":{"line":19,"column":4},"end":{"line":21,"column":4}}},"2":{"name":"exchange_Multiples","line":24,"loc":{"start":{"line":24,"column":4},"end":{"line":29,"column":4}}}},"statementMap":{"1":{"start":{"line":20,"column":8},"end":{"line":20,"column":87}},"2":{"start":{"line":25,"column":5},"end":{"line":25,"column":28}},"3":{"start":{"line":26,"column":5},"end":{"line":26,"column":62}},"4":{"start":{"line":28,"column":5},"end":{"line":28,"column":26}}},"branchMap":{}},"contracts/kernelSushiSwapV2.sol":{"l":{"20":0,"26":0,"27":0,"28":0,"29":0,"31":0,"32":0,"34":0,"35":0},"path":"/Users/wangjiawei/Desktop/test/Butter-contracts/contracts/kernelSushiSwapV2.sol","s":{"1":0,"2":0,"3":0,"4":0,"5":0,"6":0,"7":0},"b":{"1":[0,0],"2":[0,0]},"f":{"1":0,"2":0},"fnMap":{"1":{"name":"filterSwap","line":19,"loc":{"start":{"line":19,"column":4},"end":{"line":21,"column":4}}},"2":{"name":"swapInputV2","line":25,"loc":{"start":{"line":25,"column":4},"end":{"line":37,"column":12}}}},"statementMap":{"1":{"start":{"line":20,"column":12},"end":{"line":20,"column":92}},"2":{"start":{"line":26,"column":20},"end":{"line":26,"column":41}},"3":{"start":{"line":27,"column":20},"end":{"line":27,"column":78}},"4":{"start":{"line":28,"column":20},"end":{"line":28,"column":1030}},"5":{"start":{"line":30,"column":26},"end":{"line":30,"column":1239}},"6":{"start":{"line":31,"column":26},"end":{"line":31,"column":88}},"7":{"start":{"line":34,"column":24},"end":{"line":34,"column":86}}},"branchMap":{"1":{"line":28,"type":"if","locations":[{"start":{"line":28,"column":20},"end":{"line":28,"column":20}},{"start":{"line":28,"column":20},"end":{"line":28,"column":20}}]},"2":{"line":30,"type":"if","locations":[{"start":{"line":30,"column":26},"end":{"line":30,"column":26}},{"start":{"line":30,"column":26},"end":{"line":30,"column":26}}]}}},"contracts/KernelUniSwapV3.sol":{"l":{"21":0,"28":0,"29":0,"30":0,"31":0,"32":0,"34":0,"41":0,"42":0,"44":0,"46":0,"52":0},"path":"/Users/wangjiawei/Desktop/test/Butter-contracts/contracts/KernelUniSwapV3.sol","s":{"1":0,"2":0,"3":0,"4":0,"5":0,"6":0,"7":0},"b":{"1":[0,0],"2":[0,0]},"f":{"1":0,"2":0,"3":0,"4":0},"fnMap":{"1":{"name":"filterSwap","line":20,"loc":{"start":{"line":20,"column":4},"end":{"line":22,"column":4}}},"2":{"name":"swapInputV3","line":27,"loc":{"start":{"line":27,"column":4},"end":{"line":36,"column":12}}},"3":{"name":"swapExactInputV3","line":40,"loc":{"start":{"line":40,"column":4},"end":{"line":49,"column":4}}},"4":{"name":"getWeth","line":51,"loc":{"start":{"line":51,"column":4},"end":{"line":53,"column":4}}}},"statementMap":{"1":{"start":{"line":21,"column":12},"end":{"line":21,"column":82}},"2":{"start":{"line":28,"column":16},"end":{"line":28,"column":33}},"3":{"start":{"line":29,"column":17},"end":{"line":29,"column":955}},"4":{"start":{"line":31,"column":24},"end":{"line":31,"column":68}},"5":{"start":{"line":32,"column":24},"end":{"line":32,"column":75}},"6":{"start":{"line":41,"column":9},"end":{"line":41,"column":1591}},"7":{"start":{"line":44,"column":13},"end":{"line":44,"column":70}}},"branchMap":{"1":{"line":29,"type":"if","locations":[{"start":{"line":29,"column":17},"end":{"line":29,"column":17}},{"start":{"line":29,"column":17},"end":{"line":29,"column":17}}]},"2":{"line":41,"type":"if","locations":[{"start":{"line":41,"column":9},"end":{"line":41,"column":9}},{"start":{"line":41,"column":9},"end":{"line":41,"column":9}}]}}},"contracts/libs/SafeMath.sol":{"l":{"19":0,"20":0,"22":0,"36":0,"50":0,"51":0,"53":0,"70":0,"71":0,"74":0,"75":0,"77":0,"93":0,"109":0,"110":0,"113":0,"129":0,"145":0,"146":0},"path":"/Users/wangjiawei/Desktop/test/Butter-contracts/contracts/libs/SafeMath.sol","s":{"1":0,"2":0,"3":0,"4":0,"5":0,"6":0,"7":0,"8":0,"9":0,"10":0,"11":0,"12":0,"13":0,"14":0,"15":0,"16":0,"17":0,"18":0,"19":0},"b":{"1":[0,0],"2":[0,0],"3":[0,0],"4":[0,0],"5":[0,0],"6":[0,0]},"f":{"1":0,"2":0,"3":0,"4":0,"5":0,"6":0,"7":0,"8":0},"fnMap":{"1":{"name":"add","line":18,"loc":{"start":{"line":18,"column":4},"end":{"line":23,"column":4}}},"2":{"name":"sub","line":35,"loc":{"start":{"line":35,"column":4},"end":{"line":37,"column":4}}},"3":{"name":"sub","line":49,"loc":{"start":{"line":49,"column":4},"end":{"line":54,"column":4}}},"4":{"name":"mul","line":66,"loc":{"start":{"line":66,"column":4},"end":{"line":78,"column":4}}},"5":{"name":"div","line":92,"loc":{"start":{"line":92,"column":4},"end":{"line":94,"column":4}}},"6":{"name":"div","line":108,"loc":{"start":{"line":108,"column":4},"end":{"line":114,"column":4}}},"7":{"name":"mod","line":128,"loc":{"start":{"line":128,"column":4},"end":{"line":130,"column":4}}},"8":{"name":"mod","line":144,"loc":{"start":{"line":144,"column":4},"end":{"line":147,"column":4}}}},"statementMap":{"1":{"start":{"line":19,"column":8},"end":{"line":19,"column":25}},"2":{"start":{"line":20,"column":8},"end":{"line":20,"column":53}},"3":{"start":{"line":22,"column":8},"end":{"line":22,"column":16}},"4":{"start":{"line":36,"column":8},"end":{"line":36,"column":58}},"5":{"start":{"line":50,"column":8},"end":{"line":50,"column":36}},"6":{"start":{"line":51,"column":8},"end":{"line":51,"column":25}},"7":{"start":{"line":53,"column":8},"end":{"line":53,"column":16}},"8":{"start":{"line":70,"column":8},"end":{"line":70,"column":1922}},"9":{"start":{"line":71,"column":12},"end":{"line":71,"column":20}},"10":{"start":{"line":74,"column":8},"end":{"line":74,"column":25}},"11":{"start":{"line":75,"column":8},"end":{"line":75,"column":63}},"12":{"start":{"line":77,"column":8},"end":{"line":77,"column":16}},"13":{"start":{"line":93,"column":8},"end":{"line":93,"column":54}},"14":{"start":{"line":109,"column":8},"end":{"line":109,"column":35}},"15":{"start":{"line":110,"column":8},"end":{"line":110,"column":25}},"16":{"start":{"line":113,"column":8},"end":{"line":113,"column":16}},"17":{"start":{"line":129,"column":8},"end":{"line":129,"column":52}},"18":{"start":{"line":145,"column":8},"end":{"line":145,"column":36}},"19":{"start":{"line":146,"column":8},"end":{"line":146,"column":20}}},"branchMap":{"1":{"line":20,"type":"if","locations":[{"start":{"line":20,"column":8},"end":{"line":20,"column":8}},{"start":{"line":20,"column":8},"end":{"line":20,"column":8}}]},"2":{"line":50,"type":"if","locations":[{"start":{"line":50,"column":8},"end":{"line":50,"column":8}},{"start":{"line":50,"column":8},"end":{"line":50,"column":8}}]},"3":{"line":70,"type":"if","locations":[{"start":{"line":70,"column":8},"end":{"line":70,"column":8}},{"start":{"line":70,"column":8},"end":{"line":70,"column":8}}]},"4":{"line":75,"type":"if","locations":[{"start":{"line":75,"column":8},"end":{"line":75,"column":8}},{"start":{"line":75,"column":8},"end":{"line":75,"column":8}}]},"5":{"line":109,"type":"if","locations":[{"start":{"line":109,"column":8},"end":{"line":109,"column":8}},{"start":{"line":109,"column":8},"end":{"line":109,"column":8}}]},"6":{"line":145,"type":"if","locations":[{"start":{"line":145,"column":8},"end":{"line":145,"column":8}},{"start":{"line":145,"column":8},"end":{"line":145,"column":8}}]}}},"contracts/libs/TransferHelper.sol":{"l":{"19":5,"20":5,"32":2,"33":2,"46":4,"47":4,"54":0,"55":0,"61":0,"63":0,"65":0,"66":0,"68":0,"71":0,"77":0},"path":"/Users/wangjiawei/Desktop/test/Butter-contracts/contracts/libs/TransferHelper.sol","s":{"1":5,"2":5,"3":2,"4":2,"5":4,"6":4,"7":0,"8":0,"9":0,"10":0,"11":0,"12":0,"13":0,"14":0,"15":0,"16":0},"b":{"1":[5,0],"2":[2,3],"3":[2,0],"4":[0,2],"5":[4,0],"6":[2,2],"7":[0,0],"8":[0,0],"9":[0,0],"10":[0,0]},"f":{"1":5,"2":2,"3":4,"4":0,"5":0},"fnMap":{"1":{"name":"safeApprove","line":13,"loc":{"start":{"line":13,"column":4},"end":{"line":24,"column":4}}},"2":{"name":"safeTransfer","line":26,"loc":{"start":{"line":26,"column":4},"end":{"line":37,"column":4}}},"3":{"name":"safeTransferFrom","line":39,"loc":{"start":{"line":39,"column":4},"end":{"line":51,"column":4}}},"4":{"name":"safeTransferETH","line":53,"loc":{"start":{"line":53,"column":4},"end":{"line":56,"column":4}}},"5":{"name":"HelpRoyalties","line":59,"loc":{"start":{"line":59,"column":4},"end":{"line":80,"column":4}}}},"statementMap":{"1":{"start":{"line":19,"column":8},"end":{"line":19,"column":101}},"2":{"start":{"line":20,"column":8},"end":{"line":20,"column":438}},"3":{"start":{"line":32,"column":8},"end":{"line":32,"column":101}},"4":{"start":{"line":33,"column":8},"end":{"line":33,"column":880}},"5":{"start":{"line":46,"column":8},"end":{"line":46,"column":107}},"6":{"start":{"line":47,"column":8},"end":{"line":47,"column":1368}},"7":{"start":{"line":54,"column":8},"end":{"line":54,"column":62}},"8":{"start":{"line":55,"column":8},"end":{"line":55,"column":79}},"9":{"start":{"line":61,"column":7},"end":{"line":61,"column":137}},"10":{"start":{"line":63,"column":6},"end":{"line":63,"column":2042}},"11":{"start":{"line":65,"column":10},"end":{"line":65,"column":76}},"12":{"start":{"line":66,"column":10},"end":{"line":66,"column":2179}},"13":{"start":{"line":68,"column":16},"end":{"line":68,"column":37}},"14":{"start":{"line":69,"column":16},"end":{"line":69,"column":2327}},"15":{"start":{"line":71,"column":14},"end":{"line":71,"column":52}},"16":{"start":{"line":77,"column":6},"end":{"line":77,"column":26}}},"branchMap":{"1":{"line":20,"type":"if","locations":[{"start":{"line":20,"column":8},"end":{"line":20,"column":8}},{"start":{"line":20,"column":8},"end":{"line":20,"column":8}}]},"2":{"line":21,"type":"cond-expr","locations":[{"start":{"line":21,"column":24},"end":{"line":21,"column":39}},{"start":{"line":21,"column":44},"end":{"line":21,"column":67}}]},"3":{"line":33,"type":"if","locations":[{"start":{"line":33,"column":8},"end":{"line":33,"column":8}},{"start":{"line":33,"column":8},"end":{"line":33,"column":8}}]},"4":{"line":34,"type":"cond-expr","locations":[{"start":{"line":34,"column":24},"end":{"line":34,"column":39}},{"start":{"line":34,"column":44},"end":{"line":34,"column":67}}]},"5":{"line":47,"type":"if","locations":[{"start":{"line":47,"column":8},"end":{"line":47,"column":8}},{"start":{"line":47,"column":8},"end":{"line":47,"column":8}}]},"6":{"line":48,"type":"cond-expr","locations":[{"start":{"line":48,"column":24},"end":{"line":48,"column":39}},{"start":{"line":48,"column":44},"end":{"line":48,"column":67}}]},"7":{"line":55,"type":"if","locations":[{"start":{"line":55,"column":8},"end":{"line":55,"column":8}},{"start":{"line":55,"column":8},"end":{"line":55,"column":8}}]},"8":{"line":63,"type":"if","locations":[{"start":{"line":63,"column":6},"end":{"line":63,"column":6}},{"start":{"line":63,"column":6},"end":{"line":63,"column":6}}]},"9":{"line":66,"type":"if","locations":[{"start":{"line":66,"column":10},"end":{"line":66,"column":10}},{"start":{"line":66,"column":10},"end":{"line":66,"column":10}}]},"10":{"line":69,"type":"if","locations":[{"start":{"line":69,"column":16},"end":{"line":69,"column":16}},{"start":{"line":69,"column":16},"end":{"line":69,"column":16}}]}}},"contracts/test/Curve_Pool_Swap.sol":{"l":{"21":1,"22":1,"23":1,"24":1,"25":0,"32":0,"33":0,"35":0,"36":0},"path":"/Users/wangjiawei/Desktop/test/Butter-contracts/contracts/test/Curve_Pool_Swap.sol","s":{"1":1,"2":1,"3":1,"4":0,"5":0,"6":0,"7":0},"b":{},"f":{"1":1,"2":0},"fnMap":{"1":{"name":"exchange_Multiples","line":20,"loc":{"start":{"line":20,"column":4},"end":{"line":27,"column":4}}},"2":{"name":"get_best_rates","line":31,"loc":{"start":{"line":31,"column":5},"end":{"line":39,"column":5}}}},"statementMap":{"1":{"start":{"line":21,"column":5},"end":{"line":21,"column":27}},"2":{"start":{"line":22,"column":5},"end":{"line":22,"column":79}},"3":{"start":{"line":23,"column":5},"end":{"line":23,"column":60}},"4":{"start":{"line":25,"column":5},"end":{"line":25,"column":26}},"5":{"start":{"line":32,"column":8},"end":{"line":32,"column":23}},"6":{"start":{"line":33,"column":8},"end":{"line":33,"column":25}},"7":{"start":{"line":36,"column":8},"end":{"line":36,"column":34}}},"branchMap":{}},"contracts/test/Curve.sol":{"l":{},"path":"/Users/wangjiawei/Desktop/test/Butter-contracts/contracts/test/Curve.sol","s":{},"b":{},"f":{},"fnMap":{},"statementMap":{},"branchMap":{}},"contracts/test/CurveSwap_Test.sol":{"l":{"73":0,"74":0,"75":0,"77":0,"78":0,"79":0,"89":0,"90":0,"91":0,"92":0,"93":0},"path":"/Users/wangjiawei/Desktop/test/Butter-contracts/contracts/test/CurveSwap_Test.sol","s":{"1":0,"2":0,"3":0,"4":0,"5":0,"6":0,"7":0,"8":0,"9":0,"10":0},"b":{"1":[0,0],"2":[0,0]},"f":{"1":0,"2":0},"fnMap":{"1":{"name":"filterCurve","line":71,"loc":{"start":{"line":71,"column":4},"end":{"line":84,"column":4}}},"2":{"name":"get_exchange_routings","line":88,"loc":{"start":{"line":88,"column":4},"end":{"line":95,"column":4}}}},"statementMap":{"1":{"start":{"line":73,"column":8},"end":{"line":73,"column":2341}},"2":{"start":{"line":74,"column":12},"end":{"line":74,"column":57}},"3":{"start":{"line":75,"column":12},"end":{"line":75,"column":103}},"4":{"start":{"line":77,"column":12},"end":{"line":77,"column":87}},"5":{"start":{"line":78,"column":12},"end":{"line":78,"column":68}},"6":{"start":{"line":79,"column":12},"end":{"line":79,"column":88}},"7":{"start":{"line":89,"column":7},"end":{"line":89,"column":34}},"8":{"start":{"line":90,"column":7},"end":{"line":90,"column":33}},"9":{"start":{"line":91,"column":7},"end":{"line":91,"column":26}},"10":{"start":{"line":93,"column":8},"end":{"line":93,"column":44}}},"branchMap":{"1":{"line":73,"type":"if","locations":[{"start":{"line":73,"column":8},"end":{"line":73,"column":8}},{"start":{"line":73,"column":8},"end":{"line":73,"column":8}}]},"2":{"line":74,"type":"if","locations":[{"start":{"line":74,"column":12},"end":{"line":74,"column":12}},{"start":{"line":74,"column":12},"end":{"line":74,"column":12}}]}}},"contracts/test/SushiSwapV2_Test.sol":{"l":{"23":1,"28":1,"29":1,"30":1,"31":0,"33":0,"34":0,"35":0,"37":1,"38":1,"39":1},"path":"/Users/wangjiawei/Desktop/test/Butter-contracts/contracts/test/SushiSwapV2_Test.sol","s":{"1":1,"2":1,"3":1,"4":1,"5":1,"6":0,"7":0,"8":1,"9":1},"b":{"1":[0,1],"2":[0,1]},"f":{"1":1,"2":1},"fnMap":{"1":{"name":"filterSwap","line":22,"loc":{"start":{"line":22,"column":8},"end":{"line":24,"column":4}}},"2":{"name":"swapInputV2","line":27,"loc":{"start":{"line":27,"column":4},"end":{"line":41,"column":12}}}},"statementMap":{"1":{"start":{"line":23,"column":12},"end":{"line":23,"column":92}},"2":{"start":{"line":28,"column":20},"end":{"line":28,"column":41}},"3":{"start":{"line":29,"column":20},"end":{"line":29,"column":78}},"4":{"start":{"line":30,"column":20},"end":{"line":30,"column":1039}},"5":{"start":{"line":32,"column":26},"end":{"line":32,"column":1248}},"6":{"start":{"line":33,"column":24},"end":{"line":33,"column":105}},"7":{"start":{"line":34,"column":24},"end":{"line":34,"column":86}},"8":{"start":{"line":37,"column":24},"end":{"line":37,"column":105}},"9":{"start":{"line":38,"column":24},"end":{"line":38,"column":86}}},"branchMap":{"1":{"line":30,"type":"if","locations":[{"start":{"line":30,"column":20},"end":{"line":30,"column":20}},{"start":{"line":30,"column":20},"end":{"line":30,"column":20}}]},"2":{"line":32,"type":"if","locations":[{"start":{"line":32,"column":26},"end":{"line":32,"column":26}},{"start":{"line":32,"column":26},"end":{"line":32,"column":26}}]}}},"contracts/test/UniSwapV3_Test.sol":{"l":{"21":1,"28":1,"29":1,"30":0,"31":0,"32":0,"34":1,"35":1,"42":1,"43":0,"45":1,"46":1,"52":0},"path":"/Users/wangjiawei/Desktop/test/Butter-contracts/contracts/test/UniSwapV3_Test.sol","s":{"1":1,"2":1,"3":1,"4":0,"5":0,"6":1,"7":1,"8":1},"b":{"1":[0,1],"2":[0,1]},"f":{"1":1,"2":1,"3":1,"4":0},"fnMap":{"1":{"name":"filterSwap","line":20,"loc":{"start":{"line":20,"column":4},"end":{"line":22,"column":4}}},"2":{"name":"swapInputV3","line":27,"loc":{"start":{"line":27,"column":4},"end":{"line":37,"column":12}}},"3":{"name":"swapExactInputV3","line":41,"loc":{"start":{"line":41,"column":4},"end":{"line":49,"column":4}}},"4":{"name":"getWeth","line":51,"loc":{"start":{"line":51,"column":4},"end":{"line":53,"column":4}}}},"statementMap":{"1":{"start":{"line":21,"column":12},"end":{"line":21,"column":82}},"2":{"start":{"line":28,"column":16},"end":{"line":28,"column":33}},"3":{"start":{"line":29,"column":17},"end":{"line":29,"column":961}},"4":{"start":{"line":31,"column":24},"end":{"line":31,"column":68}},"5":{"start":{"line":32,"column":24},"end":{"line":32,"column":75}},"6":{"start":{"line":34,"column":24},"end":{"line":34,"column":102}},"7":{"start":{"line":42,"column":9},"end":{"line":42,"column":1702}},"8":{"start":{"line":45,"column":13},"end":{"line":45,"column":70}}},"branchMap":{"1":{"line":29,"type":"if","locations":[{"start":{"line":29,"column":17},"end":{"line":29,"column":17}},{"start":{"line":29,"column":17},"end":{"line":29,"column":17}}]},"2":{"line":42,"type":"if","locations":[{"start":{"line":42,"column":9},"end":{"line":42,"column":9}},{"start":{"line":42,"column":9},"end":{"line":42,"column":9}}]}}}}