TN:
SF:/Users/wangjiawei/Desktop/test/barter-contracts/contracts/BarterswapRouter.sol
FN:40,onlyOwner
FN:45,constructor
FN:51,multiSwap
FN:71,crvSwap
FN:91,ammSeriSwap
FN:104,getAmountInAll
FN:114,setFeeToSetter
FN:122,setRouterAddreAll
FNF:8
FNH:6
FNDA:1,onlyOwner
FNDA:9,constructor
FNDA:1,multiSwap
FNDA:1,crvSwap
FNDA:0,ammSeriSwap
FNDA:1,getAmountInAll
FNDA:0,setFeeToSetter
FNDA:1,setRouterAddreAll
DA:41,1
DA:42,1
DA:46,9
DA:52,1
DA:53,1
DA:54,0
DA:56,1
DA:59,1
DA:60,1
DA:61,1
DA:62,1
DA:64,0
DA:73,1
DA:74,1
DA:75,1
DA:76,1
DA:77,1
DA:79,1
DA:80,0
DA:81,0
DA:83,1
DA:84,1
DA:85,1
DA:92,0
DA:93,0
DA:94,0
DA:96,0
DA:97,0
DA:98,0
DA:105,1
DA:106,1
DA:107,1
DA:109,1
DA:115,0
DA:116,0
DA:117,0
DA:123,1
DA:124,1
DA:125,1
LF:39
LH:26
BRDA:41,1,0,1
BRDA:41,1,1,0
BRDA:53,2,0,0
BRDA:53,2,1,1
BRDA:54,3,0,0
BRDA:54,3,1,0
BRDA:61,4,0,1
BRDA:61,4,1,0
BRDA:79,5,0,0
BRDA:79,5,1,1
BRDA:92,6,0,0
BRDA:92,6,1,0
BRDA:114,7,0,0
BRDA:114,7,1,0
BRDA:115,8,0,0
BRDA:115,8,1,0
BRDA:122,9,0,1
BRDA:122,9,1,0
BRDA:123,10,0,1
BRDA:123,10,1,0
BRF:20
BRH:6
end_of_record
TN:
SF:/Users/wangjiawei/Desktop/test/barter-contracts/contracts/EthToWeth.sol
FN:13,ethToWeth
FNF:1
FNH:1
FNDA:1,ethToWeth
DA:14,1
DA:15,1
DA:16,1
LF:3
LH:3
BRDA:14,1,0,1
BRDA:14,1,1,0
BRF:2
BRH:1
end_of_record
TN:
SF:/Users/wangjiawei/Desktop/test/barter-contracts/contracts/interface/IBarterswapV2Router01.sol
FNF:0
FNH:0
LF:0
LH:0
BRF:0
BRH:0
end_of_record
TN:
SF:/Users/wangjiawei/Desktop/test/barter-contracts/contracts/interface/ICurveRouter.sol
FNF:0
FNH:0
LF:0
LH:0
BRF:0
BRH:0
end_of_record
TN:
SF:/Users/wangjiawei/Desktop/test/barter-contracts/contracts/interface/IERC20.sol
FNF:0
FNH:0
LF:0
LH:0
BRF:0
BRH:0
end_of_record
TN:
SF:/Users/wangjiawei/Desktop/test/barter-contracts/contracts/interface/ISwap.sol
FNF:0
FNH:0
LF:0
LH:0
BRF:0
BRH:0
end_of_record
TN:
SF:/Users/wangjiawei/Desktop/test/barter-contracts/contracts/interface/IUniswapV3SwapCallback.sol
FNF:0
FNH:0
LF:0
LH:0
BRF:0
BRH:0
end_of_record
TN:
SF:/Users/wangjiawei/Desktop/test/barter-contracts/contracts/interface/IV3SwapRouter.sol
FNF:0
FNH:0
LF:0
LH:0
BRF:0
BRH:0
end_of_record
TN:
SF:/Users/wangjiawei/Desktop/test/barter-contracts/contracts/interface/IWETH9.sol
FNF:0
FNH:0
LF:0
LH:0
BRF:0
BRH:0
end_of_record
TN:
SF:/Users/wangjiawei/Desktop/test/barter-contracts/contracts/KernelCurve.sol
FN:19,filterCurve
FN:24,exchange_Multiples
FNF:2
FNH:2
FNDA:1,filterCurve
FNDA:1,exchange_Multiples
DA:20,1
DA:25,1
DA:26,1
DA:27,1
DA:28,0
LF:5
LH:4
BRF:0
BRH:0
end_of_record
TN:
SF:/Users/wangjiawei/Desktop/test/barter-contracts/contracts/kernelSushiSwapV2.sol
FN:19,filterSwap
FN:25,swapInputV2
FNF:2
FNH:0
FNDA:0,filterSwap
FNDA:0,swapInputV2
DA:20,0
DA:26,0
DA:27,0
DA:28,0
DA:29,0
DA:31,0
DA:32,0
DA:34,0
DA:35,0
LF:9
LH:0
BRDA:28,1,0,0
BRDA:28,1,1,0
BRDA:30,2,0,0
BRDA:30,2,1,0
BRF:4
BRH:0
end_of_record
TN:
SF:/Users/wangjiawei/Desktop/test/barter-contracts/contracts/KernelUniSwapV3.sol
FN:20,filterSwap
FN:27,swapInputV3
FN:40,swapExactInputV3
FN:51,getWeth
FNF:4
FNH:0
FNDA:0,filterSwap
FNDA:0,swapInputV3
FNDA:0,swapExactInputV3
FNDA:0,getWeth
DA:21,0
DA:28,0
DA:29,0
DA:30,0
DA:31,0
DA:32,0
DA:34,0
DA:41,0
DA:42,0
DA:44,0
DA:46,0
DA:52,0
LF:12
LH:0
BRDA:29,1,0,0
BRDA:29,1,1,0
BRDA:41,2,0,0
BRDA:41,2,1,0
BRF:4
BRH:0
end_of_record
TN:
SF:/Users/wangjiawei/Desktop/test/barter-contracts/contracts/libs/SafeMath.sol
FN:18,add
FN:35,sub
FN:49,sub
FN:66,mul
FN:92,div
FN:108,div
FN:128,mod
FN:144,mod
FNF:8
FNH:0
FNDA:0,add
FNDA:0,sub
FNDA:0,sub
FNDA:0,mul
FNDA:0,div
FNDA:0,div
FNDA:0,mod
FNDA:0,mod
DA:19,0
DA:20,0
DA:22,0
DA:36,0
DA:50,0
DA:51,0
DA:53,0
DA:70,0
DA:71,0
DA:74,0
DA:75,0
DA:77,0
DA:93,0
DA:109,0
DA:110,0
DA:113,0
DA:129,0
DA:145,0
DA:146,0
LF:19
LH:0
BRDA:20,1,0,0
BRDA:20,1,1,0
BRDA:50,2,0,0
BRDA:50,2,1,0
BRDA:70,3,0,0
BRDA:70,3,1,0
BRDA:75,4,0,0
BRDA:75,4,1,0
BRDA:109,5,0,0
BRDA:109,5,1,0
BRDA:145,6,0,0
BRDA:145,6,1,0
BRF:12
BRH:0
end_of_record
TN:
SF:/Users/wangjiawei/Desktop/test/barter-contracts/contracts/libs/TransferHelper.sol
FN:13,safeApprove
FN:26,safeTransfer
FN:39,safeTransferFrom
FN:53,safeTransferETH
FN:59,HelpRoyalties
FNF:5
FNH:3
FNDA:5,safeApprove
FNDA:2,safeTransfer
FNDA:4,safeTransferFrom
FNDA:0,safeTransferETH
FNDA:0,HelpRoyalties
DA:19,5
DA:20,5
DA:32,2
DA:33,2
DA:46,4
DA:47,4
DA:54,0
DA:55,0
DA:61,0
DA:63,0
DA:65,0
DA:66,0
DA:68,0
DA:71,0
DA:77,0
LF:15
LH:6
BRDA:20,1,0,5
BRDA:20,1,1,0
BRDA:21,2,0,2
BRDA:21,2,1,3
BRDA:33,3,0,2
BRDA:33,3,1,0
BRDA:34,4,0,0
BRDA:34,4,1,2
BRDA:47,5,0,4
BRDA:47,5,1,0
BRDA:48,6,0,2
BRDA:48,6,1,2
BRDA:55,7,0,0
BRDA:55,7,1,0
BRDA:63,8,0,0
BRDA:63,8,1,0
BRDA:66,9,0,0
BRDA:66,9,1,0
BRDA:69,10,0,0
BRDA:69,10,1,0
BRF:20
BRH:8
end_of_record
TN:
SF:/Users/wangjiawei/Desktop/test/barter-contracts/contracts/test/Curve_Pool_Swap.sol
FN:20,exchange_Multiples
FN:31,get_best_rates
FNF:2
FNH:1
FNDA:1,exchange_Multiples
FNDA:0,get_best_rates
DA:21,1
DA:22,1
DA:23,1
DA:24,1
DA:25,0
DA:32,0
DA:33,0
DA:35,0
DA:36,0
LF:9
LH:4
BRF:0
BRH:0
end_of_record
TN:
SF:/Users/wangjiawei/Desktop/test/barter-contracts/contracts/test/Curve.sol
FNF:0
FNH:0
LF:0
LH:0
BRF:0
BRH:0
end_of_record
TN:
SF:/Users/wangjiawei/Desktop/test/barter-contracts/contracts/test/CurveSwap_Test.sol
FN:71,filterCurve
FN:88,get_exchange_routings
FNF:2
FNH:0
FNDA:0,filterCurve
FNDA:0,get_exchange_routings
DA:73,0
DA:74,0
DA:75,0
DA:77,0
DA:78,0
DA:79,0
DA:89,0
DA:90,0
DA:91,0
DA:92,0
DA:93,0
LF:11
LH:0
BRDA:73,1,0,0
BRDA:73,1,1,0
BRDA:74,2,0,0
BRDA:74,2,1,0
BRF:4
BRH:0
end_of_record
TN:
SF:/Users/wangjiawei/Desktop/test/barter-contracts/contracts/test/SushiSwapV2_Test.sol
FN:22,filterSwap
FN:27,swapInputV2
FNF:2
FNH:2
FNDA:1,filterSwap
FNDA:1,swapInputV2
DA:23,1
DA:28,1
DA:29,1
DA:30,1
DA:31,0
DA:33,0
DA:34,0
DA:35,0
DA:37,1
DA:38,1
DA:39,1
LF:11
LH:7
BRDA:30,1,0,0
BRDA:30,1,1,1
BRDA:32,2,0,0
BRDA:32,2,1,1
BRF:4
BRH:2
end_of_record
TN:
SF:/Users/wangjiawei/Desktop/test/barter-contracts/contracts/test/UniSwapV3_Test.sol
FN:20,filterSwap
FN:27,swapInputV3
FN:41,swapExactInputV3
FN:51,getWeth
FNF:4
FNH:3
FNDA:1,filterSwap
FNDA:1,swapInputV3
FNDA:1,swapExactInputV3
FNDA:0,getWeth
DA:21,1
DA:28,1
DA:29,1
DA:30,0
DA:31,0
DA:32,0
DA:34,1
DA:35,1
DA:42,1
DA:43,0
DA:45,1
DA:46,1
DA:52,0
LF:13
LH:8
BRDA:29,1,0,0
BRDA:29,1,1,1
BRDA:42,2,0,0
BRDA:42,2,1,1
BRF:4
BRH:2
end_of_record
